<?xml version="1.0" encoding="UTF-8"?>
<!-- Generated by org.testng.reporters.JUnitReportReporter -->
<testsuite hostname="LAPTOP-CLUMQLOR" failures="0" tests="3" name="com.FrameWork.TestScript1" time="0.006" errors="0" timestamp="2024-02-22T13:49:21 IST" skipped="0">
  <testcase classname="com.FrameWork.TestScript1" name="editAccount" time="0.000">
    <system-out>
      <![CDATA[Edit Account method Executed]]>
    </system-out>
  </testcase> <!-- editAccount -->
  <testcase classname="com.FrameWork.TestScript1" name="ReadAccount" time="0.003">
    <system-out>
      <![CDATA[Read Account method Executed]]>
    </system-out>
  </testcase> <!-- ReadAccount -->
  <testcase classname="com.FrameWork.TestScript1" name="createAccount" time="0.003">
    <system-out>
      <![CDATA[Create Account Method Executed]]>
    </system-out>
  </testcase> <!-- createAccount -->
  <system-out>
    <![CDATA[Script02
Script_01
TestScript_01
TestScript_02
Create Account Method Executed
Create Account Method Executed
Create Account Method Executed
Create Account Method Executed
Create Account Method Executed
Create Account Method Executed
Create Account Method Executed
Create Account Method Executed
Create Account Method Executed
Create Account Method Executed
Delete Account Executed
M1 method is executed 
M2 method is executed 
M3 method is executed 
M4 method is executed 
m5 method is executed
Sign up method Executed
Login page Executed
SignUp method Executed
Login page Executed
Admin1
Manager1
Admin2
manager2
Edit Account method Executed
Read Account method Executed
Create Account Method Executed]]>
  </system-out>
</testsuite> <!-- com.FrameWork.TestScript1 -->
