<?xml version="1.0" encoding="UTF-8"?>
<!-- Generated by org.testng.reporters.JUnitReportReporter -->
<testsuite hostname="LAPTOP-CLUMQLOR" failures="0" tests="2" name="Include_Exclude.Launch" time="0.001" errors="0" timestamp="2024-02-20T18:02:50 IST" skipped="0">
  <testcase classname="Include_Exclude.Launch" name="launchApp" time="0.000">
    <system-out>
      <![CDATA[Launch is working Fine ]]>
    </system-out>
  </testcase> <!-- launchApp -->
  <testcase classname="Include_Exclude.Launch" name="launchVerify" time="0.001">
    <system-out>
      <![CDATA[Launch URL is working ]]>
    </system-out>
  </testcase> <!-- launchVerify -->
  <system-out>
    <![CDATA[TestScript_01
TestScript_02
Create Account Method Executed
Create Account Method Executed
Create Account Method Executed
Create Account Method Executed
Create Account Method Executed
Create Account Method Executed
Create Account Method Executed
Create Account Method Executed
Create Account Method Executed
Create Account Method Executed
Delete Account Executed
Home page is working fine 
Home page verified
Launch is working Fine 
Launch URL is working 
Logout link is working 
Login to the App is working 
M1 method is executed 
M2 method is executed 
M3 method is executed 
M4 method is executed 
m5 method is executed
Admin1
Manager1
Admin2
manager2
SignUp method Executed
Login page Executed
Sign up method Executed
Login page Executed
Login App processes working 
LogOut success
Edit Account method Executed
Read Account method Executed
Create Account Method Executed]]>
  </system-out>
</testsuite> <!-- Include_Exclude.Launch -->
