<?xml version="1.0" encoding="UTF-8"?>
<!-- Generated by org.testng.reporters.JUnitReportReporter -->
<testsuite hostname="LAPTOP-CLUMQLOR" failures="0" tests="2" name="com.FrameWork.Data_Provider" time="0.005" errors="0" timestamp="2024-02-22T13:49:21 IST" skipped="0">
  <testcase classname="com.FrameWork.Data_Provider" name="signUp" time="0.003">
    <system-out>
      <![CDATA[Admin2
manager2]]>
    </system-out>
  </testcase> <!-- signUp -->
  <testcase classname="com.FrameWork.Data_Provider" name="signUp" time="0.002">
    <system-out>
      <![CDATA[Admin1
Manager1]]>
    </system-out>
  </testcase> <!-- signUp -->
  <system-out>
    <![CDATA[Script02
Script_01
TestScript_01
TestScript_02
Create Account Method Executed
Create Account Method Executed
Create Account Method Executed
Create Account Method Executed
Create Account Method Executed
Create Account Method Executed
Create Account Method Executed
Create Account Method Executed
Create Account Method Executed
Create Account Method Executed
Delete Account Executed
M1 method is executed 
M2 method is executed 
M3 method is executed 
M4 method is executed 
m5 method is executed
Sign up method Executed
Login page Executed
SignUp method Executed
Login page Executed
Admin1
Manager1
Admin2
manager2
Edit Account method Executed
Read Account method Executed
Create Account Method Executed]]>
  </system-out>
</testsuite> <!-- com.FrameWork.Data_Provider -->
